Arguments: 
  /home/lschulzes/.nvm/versions/node/v16.13.0/bin/node /home/lschulzes/.local/bin/yarn add webpack

PATH: 
  /home/lschulzes/.nvm/versions/node/v16.13.0/bin:/home/lschulzes/.local/bin/:/home/lschulzes/.local/share/zinit/polaris/bin:/usr/local/sbin:/usr/local/bin:/usr/bin:/usr/lib/jvm/default/bin:/usr/bin/site_perl:/usr/bin/vendor_perl:/usr/bin/core_perl

Yarn version: 
  1.22.19

Node version: 
  16.13.0

Platform: 
  linux x64

Trace: 
  Error: getaddrinfo EAI_AGAIN registry.yarnpkg.com
      at GetAddrInfoReqWrap.onlookup [as oncomplete] (node:dns:71:26)

npm manifest: 
  {
    "name": "products",
    "version": "1.0.0",
    "main": "index.js",
    "license": "MIT",
    "scripts": {
      "start": "webpack"
    },
    "dependencies": {
      "webpack": "^5.3.2"
    }
  }

yarn manifest: 
  No manifest

Lockfile: 
  No lockfile
